c:\users\karl\documents\github\turbo\turbo - vs-project\turbo\turbo\debug\turbo.pch
c:\users\karl\documents\github\turbo\turbo - vs-project\turbo\turbo\debug\vc120.pdb
c:\users\karl\documents\github\turbo\turbo - vs-project\turbo\turbo\debug\vc120.idb
c:\users\karl\documents\github\turbo\turbo - vs-project\turbo\turbo\debug\stdafx.obj
c:\users\karl\documents\github\turbo\turbo - vs-project\turbo\turbo\debug\bulletcar.obj
c:\users\karl\documents\github\turbo\turbo - vs-project\turbo\turbo\debug\bulletmesh.obj
c:\users\karl\documents\github\turbo\turbo - vs-project\turbo\turbo\debug\camera.obj
c:\users\karl\documents\github\turbo\turbo - vs-project\turbo\turbo\debug\heightmapper.obj
c:\users\karl\documents\github\turbo\turbo - vs-project\turbo\turbo\debug\lodepng.obj
c:\users\karl\documents\github\turbo\turbo - vs-project\turbo\turbo\debug\mesh.obj
c:\users\karl\documents\github\turbo\turbo - vs-project\turbo\turbo\debug\obj_loader.obj
c:\users\karl\documents\github\turbo\turbo - vs-project\turbo\turbo\debug\shaderprogram.obj
c:\users\karl\documents\github\turbo\turbo - vs-project\turbo\turbo\debug\test.obj
c:\users\karl\documents\github\turbo\turbo - vs-project\turbo\turbo\debug\turbo.obj
c:\users\karl\documents\github\turbo\turbo - vs-project\turbo\turbo\debug\mapmesh.obj
c:\users\karl\documents\github\turbo\turbo - vs-project\turbo\turbo\debug\soundengine.obj
c:\users\karl\documents\github\turbo\turbo - vs-project\turbo\debug\turbo.ilk
c:\users\karl\documents\github\turbo\turbo - vs-project\turbo\debug\turbo.exe
c:\users\karl\documents\github\turbo\turbo - vs-project\turbo\debug\turbo.pdb
c:\users\karl\documents\github\turbo\turbo - vs-project\turbo\turbo\debug\turbo.tlog\cl.command.1.tlog
c:\users\karl\documents\github\turbo\turbo - vs-project\turbo\turbo\debug\turbo.tlog\cl.read.1.tlog
c:\users\karl\documents\github\turbo\turbo - vs-project\turbo\turbo\debug\turbo.tlog\cl.write.1.tlog
c:\users\karl\documents\github\turbo\turbo - vs-project\turbo\turbo\debug\turbo.tlog\link.command.1.tlog
c:\users\karl\documents\github\turbo\turbo - vs-project\turbo\turbo\debug\turbo.tlog\link.read.1.tlog
c:\users\karl\documents\github\turbo\turbo - vs-project\turbo\turbo\debug\turbo.tlog\link.write.1.tlog
